#-----------------------------------------------------------
# Vivado v2019.2 (64-bit)
# SW Build 2708876 on Wed Nov  6 21:40:23 MST 2019
# IP Build 2700528 on Thu Nov  7 00:09:20 MST 2019
# Start of session at: Tue Dec  7 19:35:16 2021
# Process ID: 9520
# Current directory: C:/Users/Michael/Dropbox (MIT)/College/Junior Year/6.111 - Digital Systems Laboratory/6.111 - Final Project/integrated_final_project/final_project
# Command line: vivado.exe -gui_launcher_event rodinguilauncherevent1768 C:\Users\Michael\Dropbox (MIT)\College\Junior Year\6.111 - Digital Systems Laboratory\6.111 - Final Project\integrated_final_project\final_project\final_project.xpr
# Log file: C:/Users/Michael/Dropbox (MIT)/College/Junior Year/6.111 - Digital Systems Laboratory/6.111 - Final Project/integrated_final_project/final_project/vivado.log
# Journal file: C:/Users/Michael/Dropbox (MIT)/College/Junior Year/6.111 - Digital Systems Laboratory/6.111 - Final Project/integrated_final_project/final_project\vivado.jou
#-----------------------------------------------------------
start_gui
open_project {C:/Users/Michael/Dropbox/College/Junior Year/6.111 - Digital Systems Laboratory/6.111 - Final Project/integrated_final_project/final_project/final_project.xpr}
INFO: [ProjectBase 1-489] The host OS only allows 260 characters in a normal path. The project is stored in a path with more than 80 characters. If you experience issues with IP, Block Designs, or files not being found, please consider moving the project to a location with a shorter path. Alternately consider using the OS subst command to map part of the path to a drive letter.
Current project path is 'C:/Users/Michael/Dropbox/College/Junior Year/6.111 - Digital Systems Laboratory/6.111 - Final Project/integrated_final_project/final_project'
INFO: [Project 1-313] Project file moved from 'C:/Users/Zoe Wong/final_project' since last save.
CRITICAL WARNING: [Project 1-311] Could not find the file 'C:/Users/Michael/Dropbox/College/Junior Year/6.111 - Digital Systems Laboratory/6.111 - Final Project/integrated_final_project/Documents/hanning_coeff.coe', nor could it be found using path 'C:/Users/Zoe Wong/Documents/hanning_coeff.coe'.
CRITICAL WARNING: [Project 1-311] Could not find the file 'C:/Users/Michael/Dropbox/College/Junior Year/6.111 - Digital Systems Laboratory/6.111 - Final Project/integrated_final_project/Documents/hanning_coeff_4096.coe', nor could it be found using path 'C:/Users/Zoe Wong/Documents/hanning_coeff_4096.coe'.
CRITICAL WARNING: [Project 1-311] Could not find the file 'C:/Users/Michael/Dropbox/College/Junior Year/6.111 - Digital Systems Laboratory/6.111 - Final Project/integrated_final_project/Documents/fft_test.coe', nor could it be found using path 'C:/Users/Zoe Wong/Documents/fft_test.coe'.
CRITICAL WARNING: [Project 1-311] Could not find the file 'C:/Users/Michael/Dropbox/College/Junior Year/6.111 - Digital Systems Laboratory/6.111 - Final Project/integrated_final_project/Documents/hanning_coeff_2048.coe', nor could it be found using path 'C:/Users/Zoe Wong/Documents/hanning_coeff_2048.coe'.
CRITICAL WARNING: [Project 1-311] Could not find the file 'C:/Users/Michael/Dropbox/College/Junior Year/6.111 - Digital Systems Laboratory/6.111 - Final Project/integrated_final_project/Documents/Lab 5/nexys4ddr_audio.xdc', nor could it be found using path 'C:/Users/Zoe Wong/Documents/Lab 5/nexys4ddr_audio.xdc'.
Scanning sources...
Finished scanning sources
INFO: [IP_Flow 19-234] Refreshing IP repositories
INFO: [IP_Flow 19-1704] No user IP repositories specified
INFO: [IP_Flow 19-2313] Loaded Vivado IP repository 'C:/Xilinx/Vivado/2019.2/data/ip'.
open_project: Time (s): cpu = 00:00:24 ; elapsed = 00:00:13 . Memory (MB): peak = 778.859 ; gain = 171.887
update_compile_order -fileset sources_1
add_files -norecurse {{C:/Users/Michael/Dropbox/College/Junior Year/6.111 - Digital Systems Laboratory/6.111 - Final Project/integrated_final_project/final_project/final_project.srcs/sources_1/new/top_level.sv}}
update_compile_order -fileset sources_1
file mkdir C:/Users/Michael/Dropbox/College/Junior Year/6.111 - Digital Systems Laboratory/6.111 - Final Project/integrated_final_project/Documents/Lab 5
can't create directory "C:/Users/Michael/Dropbox/College/Junior": file already exists
file mkdir C:/Users/Michael/Dropbox/College/Junior Year/6.111 - Digital Systems Laboratory/6.111 - Final Project/integrated_final_project/Documents/Lab 5
can't create directory "C:/Users/Michael/Dropbox/College/Junior": file already exists
file mkdir C:/Users/Michael/Dropbox/College/Junior Year/6.111 - Digital Systems Laboratory/6.111 - Final Project/integrated_final_project/Documents/Lab 5
can't create directory "C:/Users/Michael/Dropbox/College/Junior": file already exists
file mkdir C:/Users/Michael/Dropbox/College/Junior Year/6.111 - Digital Systems Laboratory/6.111 - Final Project/integrated_final_project/Documents/Lab 5
can't create directory "C:/Users/Michael/Dropbox/College/Junior": file already exists
file mkdir C:/Users/Michael/Dropbox/College/Junior Year/6.111 - Digital Systems Laboratory/6.111 - Final Project/integrated_final_project/Documents/Lab 5
can't create directory "C:/Users/Michael/Dropbox/College/Junior": file already exists
file mkdir C:/Users/Michael/Dropbox/College/Junior Year/6.111 - Digital Systems Laboratory/6.111 - Final Project/integrated_final_project/Documents/Lab 5
can't create directory "C:/Users/Michael/Dropbox/College/Junior": file already exists
file mkdir C:/Users/Michael/Dropbox/College/Junior Year/6.111 - Digital Systems Laboratory/6.111 - Final Project/integrated_final_project/Documents/Lab 5
can't create directory "C:/Users/Michael/Dropbox/College/Junior": file already exists
import_files -fileset constrs_1 {{C:/Users/Michael/Dropbox/College/Junior Year/6.111 - Digital Systems Laboratory/6.111 - Final Project/integrated_final_project/Documents/Lab 5/nexys4ddr_audio.xdc}}
ERROR: [Vivado 12-172] File or Directory 'C:/Users/Michael/Dropbox/College/Junior Year/6.111 - Digital Systems Laboratory/6.111 - Final Project/integrated_final_project/Documents/Lab 5/nexys4ddr_audio.xdc' does not exist
close [ open {C:/Users/Michael/Dropbox/College/Junior Year/6.111 - Digital Systems Laboratory/6.111 - Final Project/integrated_final_project/final_project/final_project.srcs/sources_1/new/freq_shift.sv} w ]
add_files {{C:/Users/Michael/Dropbox/College/Junior Year/6.111 - Digital Systems Laboratory/6.111 - Final Project/integrated_final_project/final_project/final_project.srcs/sources_1/new/freq_shift.sv}}
update_compile_order -fileset sources_1
update_compile_order -fileset sources_1
reset_run synth_1
reset_run hann_rom_synth_1
launch_runs impl_1 -to_step write_bitstream -jobs 4
INFO: [Vivado 12-4149] The synthesis checkpoint for IP 'C:/Users/Michael/Dropbox/College/Junior Year/6.111 - Digital Systems Laboratory/6.111 - Final Project/integrated_final_project/final_project/final_project.srcs/sources_1/ip/value_bram/value_bram.xci' is already up-to-date
INFO: [Vivado 12-4149] The synthesis checkpoint for IP 'C:/Users/Michael/Dropbox/College/Junior Year/6.111 - Digital Systems Laboratory/6.111 - Final Project/integrated_final_project/final_project/final_project.srcs/sources_1/ip/cordic_0/cordic_0.xci' is already up-to-date
INFO: [IP_Flow 19-1686] Generating 'Synthesis' target for IP 'hann_rom'...
ERROR: [Ipptcl 7-519] NULL COE Data pointer: Unable to open the file 
ERROR: [Common 17-39] 'ipgui::get_coe_val' failed due to earlier errors.
CRITICAL WARNING: [IP_Flow 19-1747] Failed to deliver file 'c:/Xilinx/Vivado/2019.2/data/ip/xilinx/blk_mem_gen_v8_4/hdl/mem_init_file.xit': ERROR: [Common 17-39] 'ipgui::get_coe_val' failed due to earlier errors.

ERROR: [IP_Flow 19-167] Failed to deliver one or more file(s).
ERROR: [IP_Flow 19-3505] IP Generation error: Failed to generate IP 'hann_rom'. Failed to generate 'Vivado VHDL Synthesis' outputs: 
ERROR: [IP_Flow 19-98] Generation of the IP CORE failed.
Failed to generate IP 'hann_rom'. Failed to generate 'Vivado VHDL Synthesis' outputs: 
launch_runs impl_1 -to_step write_bitstream -jobs 4
INFO: [Vivado 12-4149] The synthesis checkpoint for IP 'C:/Users/Michael/Dropbox/College/Junior Year/6.111 - Digital Systems Laboratory/6.111 - Final Project/integrated_final_project/final_project/final_project.srcs/sources_1/ip/value_bram/value_bram.xci' is already up-to-date
INFO: [Vivado 12-4149] The synthesis checkpoint for IP 'C:/Users/Michael/Dropbox/College/Junior Year/6.111 - Digital Systems Laboratory/6.111 - Final Project/integrated_final_project/final_project/final_project.srcs/sources_1/ip/cordic_0/cordic_0.xci' is already up-to-date
INFO: [IP_Flow 19-1686] Generating 'Synthesis' target for IP 'hann_rom'...
ERROR: [Ipptcl 7-519] NULL COE Data pointer: Unable to open the file 
ERROR: [Common 17-39] 'ipgui::get_coe_val' failed due to earlier errors.
CRITICAL WARNING: [IP_Flow 19-1747] Failed to deliver file 'c:/Xilinx/Vivado/2019.2/data/ip/xilinx/blk_mem_gen_v8_4/hdl/mem_init_file.xit': ERROR: [Common 17-39] 'ipgui::get_coe_val' failed due to earlier errors.

ERROR: [IP_Flow 19-167] Failed to deliver one or more file(s).
ERROR: [IP_Flow 19-3505] IP Generation error: Failed to generate IP 'hann_rom'. Failed to generate 'Vivado VHDL Synthesis' outputs: 
ERROR: [IP_Flow 19-98] Generation of the IP CORE failed.
Failed to generate IP 'hann_rom'. Failed to generate 'Vivado VHDL Synthesis' outputs: 
WARNING: [IP_Flow 19-4067] Ignoring invalid widget type specified checkbox.Providing a default widget
WARNING: [IP_Flow 19-4067] Ignoring invalid widget type specified checkbox.Providing a default widget
generate_target all [get_files  {{C:/Users/Michael/Dropbox/College/Junior Year/6.111 - Digital Systems Laboratory/6.111 - Final Project/integrated_final_project/final_project/final_project.srcs/sources_1/ip/hann_rom/hann_rom.xci}}]
INFO: [IP_Flow 19-1686] Generating 'Instantiation Template' target for IP 'hann_rom'...
INFO: [IP_Flow 19-1686] Generating 'Synthesis' target for IP 'hann_rom'...
ERROR: [Ipptcl 7-519] NULL COE Data pointer: Unable to open the file 
ERROR: [Common 17-39] 'ipgui::get_coe_val' failed due to earlier errors.
CRITICAL WARNING: [IP_Flow 19-1747] Failed to deliver file 'c:/Xilinx/Vivado/2019.2/data/ip/xilinx/blk_mem_gen_v8_4/hdl/mem_init_file.xit': ERROR: [Common 17-39] 'ipgui::get_coe_val' failed due to earlier errors.

ERROR: [IP_Flow 19-167] Failed to deliver one or more file(s).
ERROR: [IP_Flow 19-3505] IP Generation error: Failed to generate IP 'hann_rom'. Failed to generate 'Vivado VHDL Synthesis' outputs: 
ERROR: [IP_Flow 19-98] Generation of the IP CORE failed.
Failed to generate IP 'hann_rom'. Failed to generate 'Vivado VHDL Synthesis' outputs: 
launch_runs impl_1 -to_step write_bitstream -jobs 4
INFO: [Vivado 12-4149] The synthesis checkpoint for IP 'C:/Users/Michael/Dropbox/College/Junior Year/6.111 - Digital Systems Laboratory/6.111 - Final Project/integrated_final_project/final_project/final_project.srcs/sources_1/ip/value_bram/value_bram.xci' is already up-to-date
INFO: [Vivado 12-4149] The synthesis checkpoint for IP 'C:/Users/Michael/Dropbox/College/Junior Year/6.111 - Digital Systems Laboratory/6.111 - Final Project/integrated_final_project/final_project/final_project.srcs/sources_1/ip/cordic_0/cordic_0.xci' is already up-to-date
INFO: [IP_Flow 19-1686] Generating 'Synthesis' target for IP 'hann_rom'...
ERROR: [Ipptcl 7-519] NULL COE Data pointer: Unable to open the file 
ERROR: [Common 17-39] 'ipgui::get_coe_val' failed due to earlier errors.
CRITICAL WARNING: [IP_Flow 19-1747] Failed to deliver file 'c:/Xilinx/Vivado/2019.2/data/ip/xilinx/blk_mem_gen_v8_4/hdl/mem_init_file.xit': ERROR: [Common 17-39] 'ipgui::get_coe_val' failed due to earlier errors.

ERROR: [IP_Flow 19-167] Failed to deliver one or more file(s).
ERROR: [IP_Flow 19-3505] IP Generation error: Failed to generate IP 'hann_rom'. Failed to generate 'Vivado VHDL Synthesis' outputs: 
ERROR: [IP_Flow 19-98] Generation of the IP CORE failed.
Failed to generate IP 'hann_rom'. Failed to generate 'Vivado VHDL Synthesis' outputs: 
launch_runs impl_1 -to_step write_bitstream -jobs 4
INFO: [Vivado 12-4149] The synthesis checkpoint for IP 'C:/Users/Michael/Dropbox/College/Junior Year/6.111 - Digital Systems Laboratory/6.111 - Final Project/integrated_final_project/final_project/final_project.srcs/sources_1/ip/value_bram/value_bram.xci' is already up-to-date
INFO: [Vivado 12-4149] The synthesis checkpoint for IP 'C:/Users/Michael/Dropbox/College/Junior Year/6.111 - Digital Systems Laboratory/6.111 - Final Project/integrated_final_project/final_project/final_project.srcs/sources_1/ip/cordic_0/cordic_0.xci' is already up-to-date
INFO: [IP_Flow 19-1686] Generating 'Synthesis' target for IP 'hann_rom'...
ERROR: [Ipptcl 7-519] NULL COE Data pointer: Unable to open the file 
ERROR: [Common 17-39] 'ipgui::get_coe_val' failed due to earlier errors.
CRITICAL WARNING: [IP_Flow 19-1747] Failed to deliver file 'c:/Xilinx/Vivado/2019.2/data/ip/xilinx/blk_mem_gen_v8_4/hdl/mem_init_file.xit': ERROR: [Common 17-39] 'ipgui::get_coe_val' failed due to earlier errors.

ERROR: [IP_Flow 19-167] Failed to deliver one or more file(s).
ERROR: [IP_Flow 19-3505] IP Generation error: Failed to generate IP 'hann_rom'. Failed to generate 'Vivado VHDL Synthesis' outputs: 
ERROR: [IP_Flow 19-98] Generation of the IP CORE failed.
Failed to generate IP 'hann_rom'. Failed to generate 'Vivado VHDL Synthesis' outputs: 
exit
INFO: [Common 17-206] Exiting Vivado at Tue Dec  7 20:07:41 2021...
